\BOOKMARK [1][-]{section.1}{\376\377\000P\000r\000\351\000s\000e\000n\000t\000a\000t\000i\000o\000n\000\040\000d\000u\000\040\000s\000u\000j\000e\000t}{}% 1
\BOOKMARK [1][-]{section.2}{\376\377\000T\000e\000c\000h\000n\000o\000l\000o\000g\000i\000e\000s\000\040\000u\000t\000i\000l\000i\000s\000\351\000e\000s}{}% 2
\BOOKMARK [1][-]{section.3}{\376\377\000D\000\351\000v\000e\000l\000o\000p\000p\000e\000m\000e\000n\000t\000s\000\040\000L\000o\000g\000i\000c\000i\000e\000l\000:\000\040\000C\000o\000n\000c\000e\000p\000t\000i\000o\000n\000,\000\040\000M\000o\000d\000\351\000l\000i\000s\000a\000t\000i\000o\000n\000,\000\040\000I\000m\000p\000l\000\351\000m\000e\000n\000t\000a\000t\000i\000o\000n}{}% 3
\BOOKMARK [2][-]{subsection.3.1}{\376\377\000D\000e\000s\000c\000r\000i\000p\000t\000i\000o\000n\000\040\000d\000e\000s\000\040\000m\000o\000d\000u\000l\000e\000s\000\040\000u\000t\000i\000l\000i\000s\000\351\000s}{section.3}% 4
\BOOKMARK [2][-]{subsection.3.2}{\376\377\000I\000n\000t\000e\000r\000a\000c\000t\000i\000o\000n\000\040\000e\000n\000t\000r\000e\000\040\000f\000i\000c\000h\000i\000e\000r\000s}{section.3}% 5
\BOOKMARK [2][-]{subsection.3.3}{\376\377\000F\000o\000n\000c\000t\000i\000o\000n\000s\000\040\000a\000s\000y\000n\000c\000h\000r\000o\000n\000e\000s}{section.3}% 6
\BOOKMARK [1][-]{section.4}{\376\377\000M\000o\000t\000e\000u\000r\000\040\000d\000e\000\040\000j\000e\000u\000x\000\040\000c\000o\000m\000b\000i\000n\000a\000t\000o\000i\000r\000e\000s\000\040\000a\000b\000s\000t\000r\000a\000i\000t\000s}{}% 7
\BOOKMARK [2][-]{subsection.4.1}{\376\377\000L\000a\000\040\000r\000e\000c\000h\000e\000r\000c\000h\000e\000\040\000a\000r\000b\000o\000r\000e\000s\000c\000e\000n\000t\000e\000\040\000M\000o\000n\000t\000e\000-\000C\000a\000r\000l\000o}{section.4}% 8
\BOOKMARK [2][-]{subsection.4.2}{\376\377\000M\000i\000n\000M\000a\000x}{section.4}% 9
\BOOKMARK [1][-]{section.5}{\376\377\000A\000l\000g\000o\000\040\000M\000i\000n\000M\000a\000x\000\040\000o\000b\000s\000e\000r\000v\000a\000t\000i\000o\000n\000s}{}% 10
\BOOKMARK [2][-]{subsection.5.1}{\376\377\000H\000e\000x\000g\000a\000m\000e\000\040\000:\000\040\000P\000e\000r\000f\000o\000r\000m\000a\000n\000c\000e\000s\000\040\000d\000\351\000c\000e\000v\000a\000n\000t\000e\000s}{section.5}% 11
\BOOKMARK [2][-]{subsection.5.2}{\376\377\000A\000w\000a\000l\000e\000\040\000:\000\040\000B\000o\000n\000n\000e\000s\000\040\000p\000e\000r\000f\000o\000r\000m\000a\000n\000c\000e\000s}{section.5}% 12
\BOOKMARK [2][-]{subsection.5.3}{\376\377\000C\000o\000n\000c\000l\000u\000s\000i\000o\000n}{section.5}% 13
\BOOKMARK [1][-]{section.6}{\376\377\000G\000e\000s\000t\000i\000o\000n\000\040\000d\000u\000\040\000P\000r\000o\000j\000e\000t}{}% 14
\BOOKMARK [2][-]{subsection.6.1}{\376\377\000D\000i\000a\000g\000r\000a\000m\000m\000e\000\040\000d\000e\000\040\000G\000a\000n\000t\000t}{section.6}% 15
\BOOKMARK [2][-]{subsection.6.2}{\376\377\000C\000h\000a\000n\000g\000e\000m\000e\000n\000t\000s\000\040\000M\000a\000j\000e\000u\000r\000s}{section.6}% 16
\BOOKMARK [1][-]{section.7}{\376\377\000B\000i\000l\000a\000n\000\040\000e\000t\000\040\000C\000o\000n\000c\000l\000u\000s\000i\000o\000n\000s}{}% 17
\BOOKMARK [1][-]{section.8}{\376\377\000B\000i\000b\000l\000i\000o\000g\000r\000a\000p\000h\000i\000e}{}% 18
\BOOKMARK [1][-]{section.9}{\376\377\000A\000n\000n\000e\000x\000e\000s}{}% 19
\BOOKMARK [2][-]{subsection.9.1}{\376\377\000A\000n\000n\000e\000x\000e\000\040\000I\000\040\000:\000\040\000C\000a\000h\000i\000e\000r\000\040\000d\000e\000s\000\040\000c\000h\000a\000r\000g\000e\000s}{section.9}% 20
\BOOKMARK [2][-]{subsection.9.2}{\376\377\000H\000e\000x\000G\000a\000m\000e\000\040\000e\000t\000\040\000s\000t\000r\000a\000t\000e\000g\000i\000e\000\040\000g\000a\000g\000n\000a\000n\000t\000e}{section.9}% 21
\BOOKMARK [3][-]{subsubsection.9.2.1}{\376\377\000S\000t\000r\000a\000t\000\351\000g\000i\000e\000s\000\040\000g\000a\000g\000n\000a\000n\000t\000e\000s\000\040\000e\000t\000\040\000a\000r\000b\000r\000e\000\040\000d\000u\000\040\000j\000e\000u}{subsection.9.2}% 22
