\BOOKMARK [1][-]{section.1}{\376\377\000P\000r\000\351\000s\000e\000n\000t\000a\000t\000i\000o\000n\000\040\000d\000u\000\040\000s\000u\000j\000e\000t}{}% 1
\BOOKMARK [1][-]{section.2}{\376\377\000T\000e\000c\000h\000n\000o\000l\000o\000g\000i\000e\000s\000\040\000u\000t\000i\000l\000i\000s\000\351\000e\000s}{}% 2
\BOOKMARK [1][-]{section.3}{\376\377\000D\000\351\000v\000e\000l\000o\000p\000p\000e\000m\000e\000n\000t\000s\000\040\000L\000o\000g\000i\000c\000i\000e\000l\000:\000\040\000C\000o\000n\000c\000e\000p\000t\000i\000o\000n\000,\000\040\000M\000o\000d\000\351\000l\000i\000s\000a\000t\000i\000o\000n\000,\000\040\000I\000m\000p\000l\000\351\000m\000e\000n\000t\000a\000t\000i\000o\000n}{}% 3
\BOOKMARK [2][-]{subsection.3.1}{\376\377\000D\000e\000s\000c\000r\000i\000p\000t\000i\000o\000n\000\040\000d\000e\000s\000\040\000m\000o\000d\000u\000l\000e\000s\000\040\000u\000t\000i\000l\000i\000s\000\351\000s}{section.3}% 4
\BOOKMARK [2][-]{subsection.3.2}{\376\377\000I\000n\000t\000\351\000r\000a\000c\000t\000i\000o\000n\000\040\000e\000n\000t\000r\000e\000\040\000f\000i\000c\000h\000i\000e\000r\000s}{section.3}% 5
\BOOKMARK [2][-]{subsection.3.3}{\376\377\000F\000o\000n\000c\000t\000i\000o\000n\000s\000\040\000a\000s\000y\000n\000c\000h\000r\000o\000n\000e\000s}{section.3}% 6
\BOOKMARK [2][-]{subsection.3.4}{\376\377\000D\000i\000a\000g\000r\000a\000m\000m\000e\000s\000\040\000U\000M\000L}{section.3}% 7
\BOOKMARK [3][-]{subsubsection.3.4.1}{\376\377\000D\000i\000a\000g\000r\000a\000m\000m\000e\000\040\000d\000u\000\040\000m\000o\000d\000u\000l\000e\000\040\000H\000e\000x\000\040\000e\000t\000\040\000A\000w\000a\000l\000\351}{subsection.3.4}% 8
\BOOKMARK [3][-]{subsubsection.3.4.2}{\376\377\000D\000i\000a\000g\000r\000a\000m\000m\000e\000\040\000d\000e\000\040\000f\000o\000n\000c\000t\000i\000o\000n\000n\000e\000m\000e\000n\000t\000\040\000d\000e\000\040\000l\000'\000a\000p\000p\000l\000i\000c\000a\000t\000i\000o\000n}{subsection.3.4}% 9
\BOOKMARK [1][-]{section.4}{\376\377\000M\000o\000t\000e\000u\000r\000\040\000d\000e\000\040\000j\000e\000u\000x\000\040\000c\000o\000m\000b\000i\000n\000a\000t\000o\000i\000r\000e\000s\000\040\000a\000b\000s\000t\000r\000a\000i\000t\000s\000\040\000e\000t\000\040\000a\000l\000g\000o\000r\000i\000t\000h\000m\000e\000s}{}% 10
\BOOKMARK [2][-]{subsection.4.1}{\376\377\000L\000a\000\040\000r\000e\000c\000h\000e\000r\000c\000h\000e\000\040\000a\000r\000b\000o\000r\000e\000s\000c\000e\000n\000t\000e\000\040\000M\000o\000n\000t\000e\000-\000C\000a\000r\000l\000o}{section.4}% 11
\BOOKMARK [2][-]{subsection.4.2}{\376\377\000M\000i\000n\000M\000a\000x}{section.4}% 12
\BOOKMARK [3][-]{subsubsection.4.2.1}{\376\377\000P\000r\000\351\000s\000e\000n\000t\000a\000t\000i\000o\000n}{subsection.4.2}% 13
\BOOKMARK [3][-]{subsubsection.4.2.2}{\376\377\000M\000i\000n\000M\000a\000x\000\040\000-\000\040\000F\000o\000n\000c\000t\000i\000o\000n\000n\000e\000m\000e\000n\000t\000\040\000s\000u\000c\000c\000i\000n\000c\000t}{subsection.4.2}% 14
\BOOKMARK [3][-]{subsubsection.4.2.3}{\376\377\000\311\000l\000a\000g\000a\000g\000e\000\040\000a\000l\000p\000h\000a\000-\000b\000\352\000t\000a}{subsection.4.2}% 15
\BOOKMARK [3][-]{subsubsection.4.2.4}{\376\377\000R\000e\000m\000a\000r\000q\000u\000e}{subsection.4.2}% 16
\BOOKMARK [2][-]{subsection.4.3}{\376\377\000A\000u\000t\000r\000e\000s\000\040\000a\000l\000g\000o\000r\000i\000t\000h\000m\000e\000s}{section.4}% 17
\BOOKMARK [3][-]{subsubsection.4.3.1}{\376\377\000D\000i\000j\000k\000s\000t\000r\000a\000\040\000e\000t\000\040\000B\000F\000S}{subsection.4.3}% 18
\BOOKMARK [1][-]{section.5}{\376\377\000O\000b\000s\000e\000r\000v\000a\000t\000i\000o\000n\000s\000\040\000d\000e\000\040\000l\000'\000a\000l\000g\000o\000r\000i\000t\000h\000m\000e\000\040\000M\000i\000n\000M\000a\000x\000\040\000s\000u\000r\000\040\000n\000o\000s\000\040\000j\000e\000u\000x}{}% 19
\BOOKMARK [2][-]{subsection.5.1}{\376\377\000H\000e\000x\000g\000a\000m\000e\000\040\000:\000\040\000P\000e\000r\000f\000o\000r\000m\000a\000n\000c\000e\000s\000\040\000d\000\351\000c\000e\000v\000a\000n\000t\000e\000s}{section.5}% 20
\BOOKMARK [2][-]{subsection.5.2}{\376\377\000A\000w\000a\000l\000\351\000\040\000:\000\040\000B\000o\000n\000n\000e\000s\000\040\000p\000e\000r\000f\000o\000r\000m\000a\000n\000c\000e\000s}{section.5}% 21
\BOOKMARK [2][-]{subsection.5.3}{\376\377\000C\000o\000n\000c\000l\000u\000s\000i\000o\000n}{section.5}% 22
\BOOKMARK [2][-]{subsection.5.4}{\376\377\000F\000o\000n\000c\000t\000i\000o\000n\000s\000\040\000d\000'\000\351\000v\000a\000l\000u\000a\000t\000i\000o\000n}{section.5}% 23
\BOOKMARK [3][-]{subsubsection.5.4.1}{\376\377\000F\000o\000n\000c\000t\000i\000o\000n\000\040\000d\000'\000\351\000v\000a\000l\000u\000a\000t\000i\000o\000n\000\040\000i\000n\000i\000t\000i\000a\000l\000e}{subsection.5.4}% 24
\BOOKMARK [3][-]{subsubsection.5.4.2}{\376\377\000F\000o\000n\000c\000t\000i\000o\000n\000\040\000d\000'\000\351\000v\000a\000l\000u\000a\000t\000i\000o\000n\000\040\000b\000a\000s\000\351\000e\000\040\000s\000u\000r\000\040\000l\000a\000\040\000p\000r\000o\000x\000i\000m\000i\000t\000\351\000\040\000a\000u\000\040\000b\000o\000r\000d}{subsection.5.4}% 25
\BOOKMARK [3][-]{subsubsection.5.4.3}{\376\377\000F\000o\000n\000c\000t\000i\000o\000n\000\040\000d\000'\000\351\000v\000a\000l\000u\000a\000t\000i\000o\000n\000\040\000b\000a\000s\000\351\000e\000\040\000s\000u\000r\000\040\000l\000e\000s\000\040\000v\000o\000i\000s\000i\000n\000s}{subsection.5.4}% 26
\BOOKMARK [3][-]{subsubsection.5.4.4}{\376\377\000F\000o\000n\000c\000t\000i\000o\000n\000\040\000d\000'\000\351\000v\000a\000l\000u\000a\000t\000i\000o\000n\000\040\000b\000a\000s\000\351\000e\000\040\000s\000u\000r\000\040\000l\000a\000\040\000p\000o\000s\000i\000t\000i\000o\000n\000\040\000a\000c\000t\000u\000e\000l\000l\000e}{subsection.5.4}% 27
\BOOKMARK [3][-]{subsubsection.5.4.5}{\376\377\000F\000o\000n\000c\000t\000i\000o\000n\000\040\000d\000'\000\351\000v\000a\000l\000u\000a\000t\000i\000o\000n\000\040\000b\000a\000s\000\351\000e\000\040\000s\000u\000r\000\040\000l\000'\000a\000l\000g\000o\000r\000i\000t\000h\000m\000e\000\040\000d\000e\000\040\000D\000i\000j\000k\000s\000t\000r\000a}{subsection.5.4}% 28
\BOOKMARK [3][-]{subsubsection.5.4.6}{\376\377\000L\000e\000\040\000p\000r\000o\000b\000l\000\350\000m\000e\000\040\000d\000e\000\040\000l\000a\000\040\000c\000o\000m\000p\000l\000e\000x\000i\000t\000\351}{subsection.5.4}% 29
\BOOKMARK [3][-]{subsubsection.5.4.7}{\376\377\000C\000o\000n\000c\000l\000u\000s\000i\000o\000n}{subsection.5.4}% 30
\BOOKMARK [1][-]{section.6}{\376\377\000G\000e\000s\000t\000i\000o\000n\000\040\000d\000u\000\040\000P\000r\000o\000j\000e\000t}{}% 31
\BOOKMARK [2][-]{subsection.6.1}{\376\377\000D\000i\000a\000g\000r\000a\000m\000m\000e\000\040\000d\000e\000\040\000G\000a\000n\000t\000t}{section.6}% 32
\BOOKMARK [2][-]{subsection.6.2}{\376\377\000O\000r\000g\000a\000n\000i\000s\000a\000t\000i\000o\000n}{section.6}% 33
\BOOKMARK [2][-]{subsection.6.3}{\376\377\000C\000h\000a\000n\000g\000e\000m\000e\000n\000t\000s\000\040\000m\000a\000j\000e\000u\000r\000s}{section.6}% 34
\BOOKMARK [1][-]{section.7}{\376\377\000B\000i\000l\000a\000n\000\040\000e\000t\000\040\000C\000o\000n\000c\000l\000u\000s\000i\000o\000n\000s}{}% 35
\BOOKMARK [1][-]{section.8}{\376\377\000B\000i\000b\000l\000i\000o\000g\000r\000a\000p\000h\000i\000e}{}% 36
\BOOKMARK [1][-]{section.9}{\376\377\000A\000n\000n\000e\000x\000e}{}% 37
\BOOKMARK [2][-]{subsection.9.1}{\376\377\000C\000a\000h\000i\000e\000r\000\040\000d\000e\000s\000\040\000c\000h\000a\000r\000g\000e\000s}{section.9}% 38
\BOOKMARK [3][-]{subsubsection.9.1.1}{\376\377\000O\000b\000j\000e\000c\000t\000i\000f\000s\000\040\000d\000u\000\040\000p\000r\000o\000j\000e\000t}{subsection.9.1}% 39
\BOOKMARK [3][-]{subsubsection.9.1.2}{\376\377\000D\000e\000s\000c\000r\000i\000p\000t\000i\000o\000n\000\040\000d\000e\000s\000\040\000j\000e\000u\000x}{subsection.9.1}% 40
\BOOKMARK [2][-]{subsection.9.2}{\376\377\000H\000e\000x\000G\000a\000m\000e\000\040\000e\000t\000\040\000s\000t\000r\000a\000t\000\351\000g\000i\000e\000\040\000g\000a\000g\000n\000a\000n\000t\000e}{section.9}% 41
\BOOKMARK [3][-]{subsubsection.9.2.1}{\376\377\000S\000t\000r\000a\000t\000\351\000g\000i\000e\000s\000\040\000g\000a\000g\000n\000a\000n\000t\000e\000s\000\040\000e\000t\000\040\000a\000r\000b\000r\000e\000\040\000d\000u\000\040\000j\000e\000u}{subsection.9.2}% 42
\BOOKMARK [3][-]{subsubsection.9.2.2}{\376\377\000R\000e\000m\000a\000r\000q\000u\000e\000s}{subsection.9.2}% 43
\BOOKMARK [3][-]{subsubsection.9.2.3}{\376\377\000L\000e\000\040\000p\000r\000e\000m\000i\000e\000r\000\040\000j\000o\000u\000e\000u\000r\000\040\000g\000a\000g\000n\000e\000\040\000\340\000\040\000t\000o\000u\000s\000\040\000l\000e\000s\000\040\000c\000o\000u\000p\000s}{subsection.9.2}% 44
\BOOKMARK [2][-]{subsection.9.3}{\376\377\000D\000i\000a\000g\000r\000a\000m\000m\000e\000\040\000d\000e\000\040\000G\000a\000n\000t\000t}{section.9}% 45
